<?xml version="1.0" encoding="UTF-8"?>
<!-- Generated by org.testng.reporters.JUnitXMLReporter -->
<testsuite hostname="Sumit-QA" ignored="0" name="WeInvest Test Cases" tests="3" failures="0" timestamp="23 Nov 2020 08:48:14 GMT" time="137.425" errors="0">
  <testcase name="landingPageTitleTest" time="0.032" classname="automationForWeInvestTestCases.LandingPageTest"/>
  <testcase name="checkAllWeatherStrategyHeading" time="0.141" classname="automationForWeInvestTestCases.AllWeatherStrategyTest"/>
  <testcase name="checkPortfolioPerformanceGraph" time="0.222" classname="automationForWeInvestTestCases.CustomizedPortfolioTest"/>
</testsuite> <!-- WeInvest Test Cases -->
