<?xml version="1.0" encoding="UTF-8"?>
<!-- Generated by org.testng.reporters.JUnitXMLReporter -->
<testsuite hostname="Sumit-QA" ignored="4" name="Default test" tests="1" failures="0" timestamp="22 Nov 2020 10:08:08 GMT" time="27.971" errors="0">
  <testcase name="redirectInvestNowPage" time="1.499" classname="automationForWeInvestTestCases.CustomizedPortfolioTest"/>
  <testcase name="checkPortfolioPerformanceGraph" time="0.0" classname="automationForWeInvestTestCases.CustomizedPortfolioTest">
    <ignored/>
  </testcase> <!-- checkPortfolioPerformanceGraph -->
  <testcase name="checkOnCustomiseClick" time="0.0" classname="automationForWeInvestTestCases.CustomizedPortfolioTest">
    <ignored/>
  </testcase> <!-- checkOnCustomiseClick -->
  <testcase name="checkIsCustomiseButtonVisible" time="0.0" classname="automationForWeInvestTestCases.CustomizedPortfolioTest">
    <ignored/>
  </testcase> <!-- checkIsCustomiseButtonVisible -->
  <testcase name="changeValueOfSPDRSP" time="0.0" classname="automationForWeInvestTestCases.CustomizedPortfolioTest">
    <ignored/>
  </testcase> <!-- changeValueOfSPDRSP -->
</testsuite> <!-- Default test -->
