<?xml version="1.0" encoding="UTF-8"?>
<!-- Generated by org.testng.reporters.JUnitXMLReporter -->
<testsuite hostname="Sumit-QA" ignored="0" name="Default test" tests="3" failures="0" timestamp="21 Nov 2020 14:16:39 GMT" time="80.756" errors="0">
  <testcase name="checkPortfolioPerformanceGraph" time="0.158" classname="automationForWeInvestTestCases.CustomizedPortfolioTest"/>
  <testcase name="checkIsCustomiseButtonVisible" time="0.093" classname="automationForWeInvestTestCases.CustomizedPortfolioTest"/>
  <testcase name="checkOnCustomiseClick" time="0.495" classname="automationForWeInvestTestCases.CustomizedPortfolioTest"/>
</testsuite> <!-- Default test -->
