<?xml version="1.0" encoding="UTF-8"?>
<testng-results skipped="0" failed="0" ignored="2" total="3" passed="1">
  <reporter-output>
  </reporter-output>
  <suite name="Failed suite [WeInvest Application Test Automation Test Suite]" duration-ms="21730" started-at="2020-11-21T16:29:42Z" finished-at="2020-11-21T16:30:04Z">
    <groups>
    </groups>
    <test name="WeInvest Test Cases(failed)" duration-ms="21730" started-at="2020-11-21T16:29:42Z" finished-at="2020-11-21T16:30:04Z">
      <class name="automationForWeInvestTestCases.CustomizedPortfolioTest">
        <test-method status="PASS" signature="setup()[pri:0, instance:automationForWeInvestTestCases.CustomizedPortfolioTest@61832929]" name="setup" is-config="true" duration-ms="20829" started-at="2020-11-21T16:29:42Z" finished-at="2020-11-21T16:30:03Z">
          <reporter-output>
          </reporter-output>
        </test-method> <!-- setup -->
        <test-method status="PASS" signature="checkPortfolioPerformanceGraph()[pri:1, instance:automationForWeInvestTestCases.CustomizedPortfolioTest@61832929]" name="checkPortfolioPerformanceGraph" duration-ms="210" started-at="2020-11-21T16:30:03Z" finished-at="2020-11-21T16:30:03Z">
          <reporter-output>
          </reporter-output>
        </test-method> <!-- checkPortfolioPerformanceGraph -->
        <test-method status="PASS" signature="tearDown()[pri:0, instance:automationForWeInvestTestCases.CustomizedPortfolioTest@61832929]" name="tearDown" is-config="true" duration-ms="668" started-at="2020-11-21T16:30:03Z" finished-at="2020-11-21T16:30:04Z">
          <reporter-output>
          </reporter-output>
        </test-method> <!-- tearDown -->
      </class> <!-- automationForWeInvestTestCases.CustomizedPortfolioTest -->
    </test> <!-- WeInvest Test Cases(failed) -->
  </suite> <!-- Failed suite [WeInvest Application Test Automation Test Suite] -->
</testng-results>
