<?xml version="1.0" encoding="UTF-8"?>
<!-- Generated by org.testng.reporters.JUnitXMLReporter -->
<testsuite hostname="Sumit-QA" ignored="2" name="WeInvest Test Cases(failed)" tests="1" failures="0" timestamp="21 Nov 2020 16:30:04 GMT" time="21.73" errors="0">
  <testcase name="checkPortfolioPerformanceGraph" time="0.21" classname="automationForWeInvestTestCases.CustomizedPortfolioTest"/>
  <testcase name="checkOnCustomiseClick" time="0.0" classname="automationForWeInvestTestCases.CustomizedPortfolioTest">
    <ignored/>
  </testcase> <!-- checkOnCustomiseClick -->
  <testcase name="checkIsCustomiseButtonVisible" time="0.0" classname="automationForWeInvestTestCases.CustomizedPortfolioTest">
    <ignored/>
  </testcase> <!-- checkIsCustomiseButtonVisible -->
</testsuite> <!-- WeInvest Test Cases(failed) -->
